<?xml version="1.0" encoding="UTF-8"?>
<!-- Generated by org.testng.reporters.JUnitReportReporter -->
<testsuite hostname="DESKTOP-8C2AU5Q" failures="0" tests="1" name="com.testng.TestngPractice1" time="0.051" errors="0" timestamp="2022-09-19T19:39:08 IST" skipped="0">
  <testcase classname="com.testng.TestngPractice1" name="soft" time="0.051"/>
  <system-out/>
</testsuite> <!-- com.testng.TestngPractice1 -->
