<?xml version="1.0" encoding="UTF-8"?>
<!-- Generated by org.testng.reporters.JUnitReportReporter -->
<testsuite hostname="DESKTOP-8C2AU5Q" failures="0" tests="2" name="com.testng.Dependency" time="0.015" errors="0" timestamp="2022-06-23T10:11:42 IST" skipped="0">
  <testcase classname="com.testng.Dependency" name="hallTicket" time="0.011"/>
  <system-out/>
  <testcase classname="com.testng.Dependency" name="examHall" time="0.004"/>
  <system-out/>
</testsuite> <!-- com.testng.Dependency -->
