<?xml version="1.0" encoding="UTF-8"?>
<!-- Generated by org.testng.reporters.JUnitReportReporter -->
<testsuite hostname="DESKTOP-8C2AU5Q" failures="0" tests="1" name="com.testng.Parameterized" time="0.009" errors="0" timestamp="2022-09-19T18:47:47 IST" skipped="0">
  <testcase classname="com.testng.Parameterized" name="demo" time="0.009"/>
  <system-out/>
</testsuite> <!-- com.testng.Parameterized -->
