<?xml version="1.0" encoding="UTF-8"?>
<!-- Generated by org.testng.reporters.JUnitReportReporter -->
<testsuite hostname="DESKTOP-8C2AU5Q" failures="0" tests="5" name="com.testng.TestNG" time="0.082" errors="0" timestamp="2022-09-19T17:53:43 IST" skipped="0">
  <testcase classname="com.testng.TestNG" name="joker" time="0.014"/>
  <system-out/>
  <testcase classname="com.testng.TestNG" name="batman" time="0.015"/>
  <system-out/>
  <testcase classname="com.testng.TestNG" name="harleyQuinn" time="0.030"/>
  <system-out/>
  <testcase classname="com.testng.TestNG" name="harleyQuinn" time="0.014"/>
  <system-out/>
  <testcase classname="com.testng.TestNG" name="harleyQuinn" time="0.009"/>
  <system-out/>
</testsuite> <!-- com.testng.TestNG -->
