<?xml version="1.0" encoding="UTF-8"?>
<!-- Generated by org.testng.reporters.JUnitReportReporter -->
<testsuite hostname="DESKTOP-8C2AU5Q" failures="0" tests="6" name="com.testng.GroupsofGroups$Grouping" time="0.019" errors="0" timestamp="2022-09-19T18:19:02 IST" skipped="0">
  <testcase classname="com.testng.GroupsofGroups$Grouping" name="joker" time="0.002"/>
  <system-out/>
  <testcase classname="com.testng.GroupsofGroups$Grouping" name="captainAmerica" time="0.001"/>
  <system-out/>
  <testcase classname="com.testng.GroupsofGroups$Grouping" name="spiderMan" time="0.003"/>
  <system-out/>
  <testcase classname="com.testng.GroupsofGroups$Grouping" name="wonderWomen" time="0.002"/>
  <system-out/>
  <testcase classname="com.testng.GroupsofGroups$Grouping" name="batman" time="0.010"/>
  <system-out/>
  <testcase classname="com.testng.GroupsofGroups$Grouping" name="doctorStrange" time="0.001"/>
  <system-out/>
</testsuite> <!-- com.testng.GroupsofGroups$Grouping -->
