<?xml version="1.0" encoding="UTF-8"?>
<!-- Generated by org.testng.reporters.JUnitReportReporter -->
<testsuite hostname="DESKTOP-8C2AU5Q" failures="0" tests="2" name="com.testng.Parallel" time="187.543" errors="0" timestamp="2022-09-29T13:20:13 IST" skipped="0">
  <testcase classname="com.testng.Parallel" name="batman" time="108.857"/>
  <system-out/>
  <testcase classname="com.testng.Parallel" name="wonderWoman" time="78.686"/>
  <system-out/>
</testsuite> <!-- com.testng.Parallel -->
