<?xml version="1.0" encoding="UTF-8"?>
<!-- Generated by org.testng.reporters.JUnitReportReporter -->
<testsuite hostname="DESKTOP-8C2AU5Q" failures="0" tests="1" name="com.testng.ExpectedExceptions" time="0.013" errors="0" timestamp="2022-09-19T19:12:27 IST" skipped="0">
  <testcase classname="com.testng.ExpectedExceptions" name="string" time="0.013"/>
  <system-out/>
</testsuite> <!-- com.testng.ExpectedExceptions -->
