<?xml version="1.0" encoding="UTF-8"?>
<!-- Generated by org.testng.reporters.JUnitReportReporter -->
<testsuite hostname="DESKTOP-8C2AU5Q" failures="0" tests="5" name="com.testng.Ignore" time="0.016" errors="0" timestamp="2022-09-19T18:47:21 IST" skipped="1">
  <testcase classname="com.testng.Ignore" name="wonderWomen" time="0.002"/>
  <system-out/>
  <testcase classname="com.testng.Ignore" name="captainAmerica" time="0.002"/>
  <system-out/>
  <testcase classname="com.testng.Ignore" name="batman" time="0.010"/>
  <system-out/>
  <testcase classname="com.testng.Ignore" name="joker" time="0.002"/>
  <system-out/>
  <testcase classname="com.testng.Ignore" name="spiderMan">
    <skipped/>
  </testcase> <!-- spiderMan -->
  <system-out/>
</testsuite> <!-- com.testng.Ignore -->
