<?xml version="1.0" encoding="UTF-8"?>
<!-- Generated by org.testng.reporters.JUnitReportReporter -->
<testsuite hostname="DESKTOP-8C2AU5Q" failures="0" tests="1" name="com.testng.TestngPractice" time="0.012" errors="0" timestamp="2022-09-19T19:22:37 IST" skipped="0">
  <testcase classname="com.testng.TestngPractice" name="hard" time="0.012"/>
  <system-out/>
</testsuite> <!-- com.testng.TestngPractice -->
