<?xml version="1.0" encoding="UTF-8"?>
<!-- Generated by org.testng.reporters.JUnitReportReporter -->
<testsuite hostname="DESKTOP-8C2AU5Q" failures="0" tests="2" name="com.testng.DataProviderTest" time="0.010" errors="0" timestamp="2022-06-23T13:02:26 IST" skipped="0">
  <testcase classname="com.testng.DataProviderTest" name="demo" time="0.002"/>
  <system-out/>
  <testcase classname="com.testng.DataProviderTest" name="demo" time="0.008"/>
  <system-out/>
</testsuite> <!-- com.testng.DataProviderTest -->
