<?xml version="1.0" encoding="UTF-8"?>
<!-- Generated by org.testng.reporters.JUnitReportReporter -->
<testsuite hostname="DESKTOP-8C2AU5Q" failures="0" tests="1" name="com.testng.Timeout" time="6.032" errors="0" timestamp="2022-09-19T18:40:59 IST" skipped="0">
  <testcase classname="com.testng.Timeout" name="timeOut" time="6.032"/>
  <system-out/>
</testsuite> <!-- com.testng.Timeout -->
