<?xml version="1.0" encoding="UTF-8"?>
<!-- Generated by org.testng.reporters.JUnitReportReporter -->
<testsuite hostname="DESKTOP-8C2AU5Q" failures="0" tests="3" name="com.testng.Grouping" time="0.017" errors="0" timestamp="2022-09-19T18:17:54 IST" skipped="0">
  <testcase classname="com.testng.Grouping" name="batman" time="0.013"/>
  <system-out/>
  <testcase classname="com.testng.Grouping" name="joker" time="0.002"/>
  <system-out/>
  <testcase classname="com.testng.Grouping" name="wonderWomen" time="0.002"/>
  <system-out/>
</testsuite> <!-- com.testng.Grouping -->
